0 info it worked if it ends with ok
1 verbose cli [ '/usr/bin/nodejs', '/usr/bin/npm', 'publish' ]
2 info using npm@3.5.2
3 info using node@v4.2.6
4 verbose publish [ '.' ]
5 silly cache add args [ '.', null ]
6 verbose cache add spec .
7 silly cache add parsed spec Result {
7 silly cache add   raw: '.',
7 silly cache add   scope: null,
7 silly cache add   name: null,
7 silly cache add   rawSpec: '.',
7 silly cache add   spec: '/home/far/projects/20170123_1806__jasmine_idea_runner',
7 silly cache add   type: 'directory' }
8 verbose addLocalDirectory /home/far/.npm/jasmine-idea-runner/1.0.0/package.tgz not in flight; packing
9 info lifecycle jasmine-idea-runner@1.0.0~prepublish: jasmine-idea-runner@1.0.0
10 silly lifecycle jasmine-idea-runner@1.0.0~prepublish: no script for prepublish, continuing
11 verbose tar pack [ '/home/far/.npm/jasmine-idea-runner/1.0.0/package.tgz',
11 verbose tar pack   '/home/far/projects/20170123_1806__jasmine_idea_runner' ]
12 verbose tarball /home/far/.npm/jasmine-idea-runner/1.0.0/package.tgz
13 verbose folder /home/far/projects/20170123_1806__jasmine_idea_runner
14 verbose addLocalTarball adding from inside cache /home/far/.npm/jasmine-idea-runner/1.0.0/package.tgz
15 silly cache afterAdd jasmine-idea-runner@1.0.0
16 verbose afterAdd /home/far/.npm/jasmine-idea-runner/1.0.0/package/package.json not in flight; writing
17 verbose afterAdd /home/far/.npm/jasmine-idea-runner/1.0.0/package/package.json written
18 silly publish { name: 'jasmine-idea-runner',
18 silly publish   version: '1.0.0',
18 silly publish   description: 'jasmine-idea-runner is an attempt to add the support of debug run of a jasmine spec file on Idea EDI.',
18 silly publish   main: 'bin/jasmine-idea-runner.js',
18 silly publish   scripts: { test: 'echo "Error: no test specified" && exit 1' },
18 silly publish   author: { name: 'F.Arcellier' },
18 silly publish   license: 'BSD-2-Clause',
18 silly publish   dependencies: { 'jasmine-node': '^1.14.5' },
18 silly publish   repository:
18 silly publish    { type: 'git',
18 silly publish      url: 'git+https://github.com/FabienArcellier/jasmine_idea_runner.git' },
18 silly publish   bin: { 'jasmine-runner-idea': 'bin/jasmine-idea-runner.js' },
18 silly publish   readme: '## Motivation\n\nWhen you are using Intellij, you may run a jasmine spec file in debug mode. \\\nYou can do this by replacing node interpreter by `jasmine-node` in *Languages & Frameworks* / *Node.js and NPM*.\n\nUnfortunately, ``jasmine-node`` doesn\'t implement the support of debug instruction like ``--debug-brk`` and ``--expose_debug_as`` used\nby intellij.\n\nInspired of Mocha implementation, it\'s an attent to implement this feature over `jasmine-node`.\n\n## Synopsis\n\n`jasmine-idea-runner` is an attempt to add the support of debug run of a jasmine spec file on Idea EDI.\n\n## Installation\n\n```bash\nnpm install jasmine-idea-runner\n```\n\nIn IDEA Intellij, add the interpreter `jasmine-idea-runner` in *Languages & Frameworks* / *Node.js and NPM* and replace the\ndefault interpreter by it.\n\n## Contributors\n\n* Fabien Arcellier\n\n## License\n\n    Copyright (c) 2017, Fabien Arcellier \n    All rights reserved. \n    \n    Redistribution and use in source and binary forms, with or without \n    modification, are permitted provided that the following conditions are met: \n    \n     * Redistributions of source code must retain the above copyright notice, \n       this list of conditions and the following disclaimer. \n     * Redistributions in binary form must reproduce the above copyright \n       notice, this list of conditions and the following disclaimer in the \n       documentation and/or other materials provided with the distribution. \n    \n    THIS SOFTWARE IS PROVIDED BY THE AUTHOR AND CONTRIBUTORS ``AS IS\'\' AND ANY \n    EXPRESS OR IMPLIED WARRANTIES, INCLUDING, BUT NOT LIMITED TO, THE IMPLIED \n    WARRANTIES OF MERCHANTABILITY AND FITNESS FOR A PARTICULAR PURPOSE ARE \n    DISCLAIMED. IN NO EVENT SHALL THE AUTHOR OR CONTRIBUTORS BE LIABLE FOR ANY \n    DIRECT, INDIRECT, INCIDENTAL, SPECIAL, EXEMPLARY, OR CONSEQUENTIAL DAMAGES \n    (INCLUDING, BUT NOT LIMITED TO, PROCUREMENT OF SUBSTITUTE GOODS OR \n    SERVICES; LOSS OF USE, DATA, OR PROFITS; OR BUSINESS INTERRUPTION) HOWEVER \n    CAUSED AND ON ANY THEORY OF LIABILITY, WHETHER IN CONTRACT, STRICT \n    LIABILITY, OR TORT (INCLUDING NEGLIGENCE OR OTHERWISE) ARISING IN ANY WAY \n    OUT OF THE USE OF THIS SOFTWARE, EVEN IF ADVISED OF THE POSSIBILITY OF SUCH \n    DAMAGE. ',
18 silly publish   readmeFilename: 'README.md',
18 silly publish   gitHead: '33f125fd833622484d727407b4d32f3475799a69',
18 silly publish   bugs: { url: 'https://github.com/FabienArcellier/jasmine_idea_runner/issues' },
18 silly publish   homepage: 'https://github.com/FabienArcellier/jasmine_idea_runner#readme',
18 silly publish   _id: 'jasmine-idea-runner@1.0.0',
18 silly publish   _shasum: 'df1e89f52babdf3f6f637128d45c1e58f2d831eb',
18 silly publish   _from: '.' }
19 verbose getPublishConfig undefined
20 silly mapToRegistry name jasmine-idea-runner
21 silly mapToRegistry using default registry
22 silly mapToRegistry registry https://registry.npmjs.org/
23 silly mapToRegistry uri https://registry.npmjs.org/jasmine-idea-runner
24 verbose publish registryBase https://registry.npmjs.org/
25 silly publish uploading /home/far/.npm/jasmine-idea-runner/1.0.0/package.tgz
26 verbose request uri https://registry.npmjs.org/jasmine-idea-runner
27 verbose request sending authorization for write operation
28 info attempt registry request try #1 at 7:51:43 PM
29 verbose request using bearer token for auth
30 verbose request id 7b88c114c9c8d636
31 http request PUT https://registry.npmjs.org/jasmine-idea-runner
32 http 403 https://registry.npmjs.org/jasmine-idea-runner
33 verbose headers { 'content-type': 'application/json',
33 verbose headers   'cache-control': 'max-age=300',
33 verbose headers   'content-length': '95',
33 verbose headers   'accept-ranges': 'bytes',
33 verbose headers   date: 'Mon, 23 Jan 2017 18:51:44 GMT',
33 verbose headers   via: '1.1 varnish',
33 verbose headers   connection: 'keep-alive',
33 verbose headers   'x-served-by': 'cache-sjc3139-SJC',
33 verbose headers   'x-cache': 'MISS',
33 verbose headers   'x-cache-hits': '0',
33 verbose headers   'x-timer': 'S1485197503.898060,VS0,VE117',
33 verbose headers   vary: 'Accept-Encoding' }
34 verbose request invalidating /home/far/.npm/registry.npmjs.org/jasmine-idea-runner on PUT
35 error publish Failed PUT 403
36 verbose stack Error: "You cannot publish over the previously published version 1.0.0." : jasmine-idea-runner
36 verbose stack     at makeError (/usr/share/npm/node_modules/npm-registry-client/lib/request.js:264:12)
36 verbose stack     at CachingRegistryClient.<anonymous> (/usr/share/npm/node_modules/npm-registry-client/lib/request.js:252:14)
36 verbose stack     at Request._callback (/usr/share/npm/node_modules/npm-registry-client/lib/request.js:172:14)
36 verbose stack     at Request.self.callback (/usr/share/npm/node_modules/request/request.js:198:22)
36 verbose stack     at emitTwo (events.js:87:13)
36 verbose stack     at Request.emit (events.js:172:7)
36 verbose stack     at Request.<anonymous> (/usr/share/npm/node_modules/request/request.js:1082:10)
36 verbose stack     at emitOne (events.js:82:20)
36 verbose stack     at Request.emit (events.js:169:7)
36 verbose stack     at IncomingMessage.<anonymous> (/usr/share/npm/node_modules/request/request.js:1009:12)
37 verbose statusCode 403
38 verbose pkgid jasmine-idea-runner
39 verbose cwd /home/far/projects/20170123_1806__jasmine_idea_runner
40 error Linux 4.4.0-59-generic
41 error argv "/usr/bin/nodejs" "/usr/bin/npm" "publish"
42 error node v4.2.6
43 error npm  v3.5.2
44 error code E403
45 error "You cannot publish over the previously published version 1.0.0." : jasmine-idea-runner
46 error If you need help, you may report this error at:
46 error     <https://github.com/npm/npm/issues>
47 verbose exit [ 1, true ]
